Using pre-set license
Built from '2020.3/staging' branch; Version is '2020.3.6f1 (338bb68529b2) revision 3378102'; Using compiler version '192528614'; Build Type 'Release'
OS: 'Windows 10 Home; OS build 19041.985; Version 2004; 64bit' Language: 'en' Physical Memory: 32699 MB
BatchMode: 1, IsHumanControllingUs: 0, StartBugReporterOnCrash: 0, Is64bit: 1, IsPro: 0

 COMMAND LINE ARGUMENTS:
C:\Program Files\Unity\Hub\Editor\2020.3.6f1\Editor\Unity.exe
-adb2
-batchMode
-noUpm
-name
AssetImportWorker0
-projectPath
D:/User/Documents/Projects/Prototype 3
-logFile
Logs/AssetImportWorker0.log
-srvPort
53439
Successfully changed project path to: D:/User/Documents/Projects/Prototype 3
D:/User/Documents/Projects/Prototype 3
Using Asset Import Pipeline V2.
Refreshing native plugins compatible for Editor in 20.80 ms, found 0 plugins.
Preloading 0 native plugins for Editor in 0.00 ms.
Initialize engine version: 2020.3.6f1 (338bb68529b2)
[Subsystems] Discovering subsystems at path C:/Program Files/Unity/Hub/Editor/2020.3.6f1/Editor/Data/Resources/UnitySubsystems
[Subsystems] Discovering subsystems at path D:/User/Documents/Projects/Prototype 3/Assets
GfxDevice: creating device client; threaded=0
Direct3D:
    Version:  Direct3D 11.0 [level 11.1]
    Renderer: NVIDIA GeForce RTX 2060 SUPER (ID=0x1f06)
    Vendor:   
    VRAM:     8031 MB
    Driver:   27.21.14.5709
Initialize mono
Mono path[0] = 'C:/Program Files/Unity/Hub/Editor/2020.3.6f1/Editor/Data/Managed'
Mono path[1] = 'C:/Program Files/Unity/Hub/Editor/2020.3.6f1/Editor/Data/MonoBleedingEdge/lib/mono/unityjit'
Mono config path = 'C:/Program Files/Unity/Hub/Editor/2020.3.6f1/Editor/Data/MonoBleedingEdge/etc'
Using monoOptions --debugger-agent=transport=dt_socket,embedding=1,server=y,suspend=n,address=127.0.0.1:56812
Begin MonoManager ReloadAssembly
Registering precompiled unity dll's ...
Register platform support module: C:/Program Files/Unity/Hub/Editor/2020.3.6f1/Editor/Data/PlaybackEngines/WebGLSupport/UnityEditor.WebGL.Extensions.dll
Register platform support module: C:/Program Files/Unity/Hub/Editor/2020.3.6f1/Editor/Data/PlaybackEngines/WindowsStandaloneSupport/UnityEditor.WindowsStandalone.Extensions.dll
Registered in 0.001548 seconds.
Native extension for WindowsStandalone target not found
Native extension for WebGL target not found
Refreshing native plugins compatible for Editor in 21.51 ms, found 0 plugins.
Preloading 0 native plugins for Editor in 0.00 ms.
Mono: successfully reloaded assembly
- Completed reload, in  1.369 seconds
Platform modules already initialized, skipping
Registering precompiled user dll's ...
Registered in 0.000759 seconds.
Begin MonoManager ReloadAssembly
Native extension for WindowsStandalone target not found
Native extension for WebGL target not found
Refreshing native plugins compatible for Editor in 0.23 ms, found 0 plugins.
Preloading 0 native plugins for Editor in 0.00 ms.
Mono: successfully reloaded assembly
- Completed reload, in  0.658 seconds
Platform modules already initialized, skipping
========================================================================
Worker process is ready to serve import requests
Launched and connected shader compiler UnityShaderCompiler.exe after 0.04 seconds
Refreshing native plugins compatible for Editor in 0.25 ms, found 0 plugins.
Preloading 0 native plugins for Editor in 0.00 ms.
Unloading 1120 Unused Serialized files (Serialized files now loaded: 0)
System memory in use before: 57.8 MB.
System memory in use after: 57.8 MB.

Unloading 10 unused Assets to reduce memory usage. Loaded Objects now: 1563.
Total: 1.818200 ms (FindLiveObjects: 0.153700 ms CreateObjectMapping: 0.028200 ms MarkObjects: 1.550900 ms  DeleteObjects: 0.084300 ms)

========================================================================
Received Import Request.
  path: Assets/Prefabs/Prop_Tree_Log_02.prefab
  artifactKey: Guid(f40f892a9244cb344a8f33ae107b1a0d) Importer(815301076,1909f56bfc062723c751e8b465ee728b)
Start importing Assets/Prefabs/Prop_Tree_Log_02.prefab using Guid(f40f892a9244cb344a8f33ae107b1a0d) Importer(815301076,1909f56bfc062723c751e8b465ee728b)  -> (artifact id: '5676982b231b4c4bd58ad0a17ffee5e3') in 0.082666 seconds
  Import took 0.084499 seconds .

========================================================================
Received Import Request.
  Time since last request: 2.789847 seconds.
  path: Assets/Prefabs/Prop_Tree_Log_02.prefab
  artifactKey: Guid(f40f892a9244cb344a8f33ae107b1a0d) Importer(815301076,1909f56bfc062723c751e8b465ee728b)
Start importing Assets/Prefabs/Prop_Tree_Log_02.prefab using Guid(f40f892a9244cb344a8f33ae107b1a0d) Importer(815301076,1909f56bfc062723c751e8b465ee728b)  -> (artifact id: '39eecaf24f2ac8996140555c1e2e459b') in 0.019047 seconds
  Import took 0.021077 seconds .

========================================================================
Received Import Request.
  Time since last request: 7.557110 seconds.
  path: Assets/Prefabs/Tree.prefab
  artifactKey: Guid(f40f892a9244cb344a8f33ae107b1a0d) Importer(815301076,1909f56bfc062723c751e8b465ee728b)
Start importing Assets/Prefabs/Tree.prefab using Guid(f40f892a9244cb344a8f33ae107b1a0d) Importer(815301076,1909f56bfc062723c751e8b465ee728b)  -> (artifact id: '669c530df43a57b88946ac2dc326cdbc') in 0.020277 seconds
  Import took 0.022387 seconds .

========================================================================
Received Import Request.
  Time since last request: 20.265518 seconds.
  path: Assets/Prefabs/Tree.prefab
  artifactKey: Guid(f40f892a9244cb344a8f33ae107b1a0d) Importer(815301076,1909f56bfc062723c751e8b465ee728b)
Start importing Assets/Prefabs/Tree.prefab using Guid(f40f892a9244cb344a8f33ae107b1a0d) Importer(815301076,1909f56bfc062723c751e8b465ee728b)  -> (artifact id: '478f3c7aba0ea21cd4aa544b032b498d') in 0.012750 seconds
  Import took 0.014842 seconds .

========================================================================
Received Import Request.
  Time since last request: 0.002332 seconds.
  path: Assets/Prefabs/Tree.prefab
  artifactKey: Guid(f40f892a9244cb344a8f33ae107b1a0d) Importer(815301076,1909f56bfc062723c751e8b465ee728b)
Start importing Assets/Prefabs/Tree.prefab using Guid(f40f892a9244cb344a8f33ae107b1a0d) Importer(815301076,1909f56bfc062723c751e8b465ee728b)  -> (artifact id: '478f3c7aba0ea21cd4aa544b032b498d') in 0.009172 seconds
  Import took 0.011239 seconds .

========================================================================
Received Import Request.
  Time since last request: 4.438975 seconds.
  path: Assets/Prefabs/Tree.prefab
  artifactKey: Guid(f40f892a9244cb344a8f33ae107b1a0d) Importer(815301076,1909f56bfc062723c751e8b465ee728b)
Start importing Assets/Prefabs/Tree.prefab using Guid(f40f892a9244cb344a8f33ae107b1a0d) Importer(815301076,1909f56bfc062723c751e8b465ee728b)  -> (artifact id: '6910b8095680f6d34e64f0636f1f16d4') in 0.009815 seconds
  Import took 0.011780 seconds .

========================================================================
Received Import Request.
  Time since last request: 3.283002 seconds.
  path: Assets/Prefabs/Tree.prefab
  artifactKey: Guid(f40f892a9244cb344a8f33ae107b1a0d) Importer(815301076,1909f56bfc062723c751e8b465ee728b)
Start importing Assets/Prefabs/Tree.prefab using Guid(f40f892a9244cb344a8f33ae107b1a0d) Importer(815301076,1909f56bfc062723c751e8b465ee728b)  -> (artifact id: '6ca26fd2cb4e149d6b4261b2f30c1d53') in 0.016179 seconds
  Import took 0.018239 seconds .

========================================================================
Received Import Request.
  Time since last request: 14.923737 seconds.
  path: Assets/Prefabs/Tree.prefab
  artifactKey: Guid(f40f892a9244cb344a8f33ae107b1a0d) Importer(815301076,1909f56bfc062723c751e8b465ee728b)
Start importing Assets/Prefabs/Tree.prefab using Guid(f40f892a9244cb344a8f33ae107b1a0d) Importer(815301076,1909f56bfc062723c751e8b465ee728b)  -> (artifact id: '197953b03d0d5eee808262e7bf8e9628') in 0.012412 seconds
  Import took 0.014393 seconds .

========================================================================
Received Prepare
Registering precompiled user dll's ...
Registered in 0.000848 seconds.
Begin MonoManager ReloadAssembly
Native extension for WindowsStandalone target not found
Native extension for WebGL target not found
Refreshing native plugins compatible for Editor in 0.24 ms, found 0 plugins.
Preloading 0 native plugins for Editor in 0.00 ms.
Mono: successfully reloaded assembly
- Completed reload, in  0.626 seconds
Platform modules already initialized, skipping
Refreshing native plugins compatible for Editor in 0.28 ms, found 0 plugins.
Preloading 0 native plugins for Editor in 0.00 ms.
Unloading 1114 Unused Serialized files (Serialized files now loaded: 0)
System memory in use before: 60.7 MB.
System memory in use after: 60.8 MB.

Unloading 5 unused Assets to reduce memory usage. Loaded Objects now: 1573.
Total: 1.723500 ms (FindLiveObjects: 0.158300 ms CreateObjectMapping: 0.023500 ms MarkObjects: 1.480000 ms  DeleteObjects: 0.060800 ms)

========================================================================
Received Import Request.
  Time since last request: 38.604614 seconds.
  path: Assets/Prefabs/Tree.prefab
  artifactKey: Guid(f40f892a9244cb344a8f33ae107b1a0d) Importer(815301076,1909f56bfc062723c751e8b465ee728b)
Start importing Assets/Prefabs/Tree.prefab using Guid(f40f892a9244cb344a8f33ae107b1a0d) Importer(815301076,1909f56bfc062723c751e8b465ee728b)  -> (artifact id: '8bcf5b1523f8dd8434515ff923f7a304') in 0.046121 seconds
  Import took 0.048294 seconds .

========================================================================
Received Prepare
Registering precompiled user dll's ...
Registered in 0.000858 seconds.
Begin MonoManager ReloadAssembly
Native extension for WindowsStandalone target not found
Native extension for WebGL target not found
Refreshing native plugins compatible for Editor in 0.24 ms, found 0 plugins.
Preloading 0 native plugins for Editor in 0.00 ms.
Mono: successfully reloaded assembly
- Completed reload, in  0.602 seconds
Platform modules already initialized, skipping
Refreshing native plugins compatible for Editor in 0.24 ms, found 0 plugins.
Preloading 0 native plugins for Editor in 0.00 ms.
Unloading 1114 Unused Serialized files (Serialized files now loaded: 0)
System memory in use before: 60.7 MB.
System memory in use after: 60.8 MB.

Unloading 5 unused Assets to reduce memory usage. Loaded Objects now: 1577.
Total: 1.545100 ms (FindLiveObjects: 0.162500 ms CreateObjectMapping: 0.027600 ms MarkObjects: 1.295000 ms  DeleteObjects: 0.059000 ms)

========================================================================
Received Import Request.
  Time since last request: 18.665382 seconds.
  path: Assets/Prefabs/Tree.prefab
  artifactKey: Guid(f40f892a9244cb344a8f33ae107b1a0d) Importer(815301076,1909f56bfc062723c751e8b465ee728b)
Start importing Assets/Prefabs/Tree.prefab using Guid(f40f892a9244cb344a8f33ae107b1a0d) Importer(815301076,1909f56bfc062723c751e8b465ee728b)  -> (artifact id: '871e99fe621d9517701e4bec4238a157') in 0.046812 seconds
  Import took 0.048761 seconds .

========================================================================
Received Import Request.
  Time since last request: 6.491487 seconds.
  path: Assets/Prefabs/Tree.prefab
  artifactKey: Guid(f40f892a9244cb344a8f33ae107b1a0d) Importer(815301076,1909f56bfc062723c751e8b465ee728b)
Start importing Assets/Prefabs/Tree.prefab using Guid(f40f892a9244cb344a8f33ae107b1a0d) Importer(815301076,1909f56bfc062723c751e8b465ee728b)  -> (artifact id: '85e7e0f519342cc8aaf84c6767e70c95') in 0.009228 seconds
  Import took 0.011262 seconds .

========================================================================
Received Prepare
Registering precompiled user dll's ...
Registered in 0.000697 seconds.
Begin MonoManager ReloadAssembly
Native extension for WindowsStandalone target not found
Native extension for WebGL target not found
Refreshing native plugins compatible for Editor in 0.25 ms, found 0 plugins.
Preloading 0 native plugins for Editor in 0.00 ms.
Mono: successfully reloaded assembly
- Completed reload, in  0.615 seconds
Platform modules already initialized, skipping
Refreshing native plugins compatible for Editor in 0.23 ms, found 0 plugins.
Preloading 0 native plugins for Editor in 0.00 ms.
Unloading 1114 Unused Serialized files (Serialized files now loaded: 0)
System memory in use before: 60.8 MB.
System memory in use after: 60.8 MB.

Unloading 5 unused Assets to reduce memory usage. Loaded Objects now: 1581.
Total: 1.763000 ms (FindLiveObjects: 0.158100 ms CreateObjectMapping: 0.023600 ms MarkObjects: 1.521000 ms  DeleteObjects: 0.059000 ms)

========================================================================
Received Prepare
Registering precompiled user dll's ...
Registered in 0.000732 seconds.
Begin MonoManager ReloadAssembly
Native extension for WindowsStandalone target not found
Native extension for WebGL target not found
Refreshing native plugins compatible for Editor in 0.26 ms, found 0 plugins.
Preloading 0 native plugins for Editor in 0.00 ms.
Mono: successfully reloaded assembly
- Completed reload, in  0.605 seconds
Platform modules already initialized, skipping
Refreshing native plugins compatible for Editor in 0.25 ms, found 0 plugins.
Preloading 0 native plugins for Editor in 0.00 ms.
Unloading 1114 Unused Serialized files (Serialized files now loaded: 0)
System memory in use before: 60.8 MB.
System memory in use after: 60.9 MB.

Unloading 5 unused Assets to reduce memory usage. Loaded Objects now: 1584.
Total: 1.558400 ms (FindLiveObjects: 0.159500 ms CreateObjectMapping: 0.024600 ms MarkObjects: 1.308800 ms  DeleteObjects: 0.064500 ms)

========================================================================
Received Import Request.
  Time since last request: 1242.318165 seconds.
  path: Assets/Scripts/MoveLeft.cs
  artifactKey: Guid(e98c312d82f7a4a4986076cf98f78e5a) Importer(815301076,1909f56bfc062723c751e8b465ee728b)
Start importing Assets/Scripts/MoveLeft.cs using Guid(e98c312d82f7a4a4986076cf98f78e5a) Importer(815301076,1909f56bfc062723c751e8b465ee728b)  -> (artifact id: '304bedafc2cf5ff1925d91508022c3ce') in 0.009369 seconds
  Import took 0.011318 seconds .

========================================================================
Received Import Request.
  Time since last request: 0.000364 seconds.
  path: Assets/Scripts/MoveLeft.cs
  artifactKey: Guid(e98c312d82f7a4a4986076cf98f78e5a) Importer(815301076,1909f56bfc062723c751e8b465ee728b)
Start importing Assets/Scripts/MoveLeft.cs using Guid(e98c312d82f7a4a4986076cf98f78e5a) Importer(815301076,1909f56bfc062723c751e8b465ee728b)  -> (artifact id: '304bedafc2cf5ff1925d91508022c3ce') in 0.002268 seconds
  Import took 0.003841 seconds .

========================================================================
Received Prepare
Registering precompiled user dll's ...
Registered in 0.000767 seconds.
Begin MonoManager ReloadAssembly
Native extension for WindowsStandalone target not found
Native extension for WebGL target not found
Refreshing native plugins compatible for Editor in 0.25 ms, found 0 plugins.
Preloading 0 native plugins for Editor in 0.00 ms.
Mono: successfully reloaded assembly
- Completed reload, in  0.612 seconds
Platform modules already initialized, skipping
Refreshing native plugins compatible for Editor in 0.25 ms, found 0 plugins.
Preloading 0 native plugins for Editor in 0.00 ms.
Unloading 1114 Unused Serialized files (Serialized files now loaded: 0)
System memory in use before: 60.8 MB.
System memory in use after: 60.9 MB.

Unloading 5 unused Assets to reduce memory usage. Loaded Objects now: 1587.
Total: 1.726200 ms (FindLiveObjects: 0.170900 ms CreateObjectMapping: 0.027200 ms MarkObjects: 1.465700 ms  DeleteObjects: 0.060900 ms)

========================================================================
Received Import Request.
  Time since last request: 16.515540 seconds.
  path: Assets/Scripts/MoveLeft.cs
  artifactKey: Guid(e98c312d82f7a4a4986076cf98f78e5a) Importer(815301076,1909f56bfc062723c751e8b465ee728b)
Start importing Assets/Scripts/MoveLeft.cs using Guid(e98c312d82f7a4a4986076cf98f78e5a) Importer(815301076,1909f56bfc062723c751e8b465ee728b)  -> (artifact id: 'c6b76fe83cef87f476a6d0e841ae7b3c') in 0.004141 seconds
  Import took 0.006018 seconds .

========================================================================
Received Prepare
Registering precompiled user dll's ...
Registered in 0.000761 seconds.
Begin MonoManager ReloadAssembly
Native extension for WindowsStandalone target not found
Native extension for WebGL target not found
Refreshing native plugins compatible for Editor in 0.24 ms, found 0 plugins.
Preloading 0 native plugins for Editor in 0.00 ms.
Mono: successfully reloaded assembly
- Completed reload, in  0.607 seconds
Platform modules already initialized, skipping
Refreshing native plugins compatible for Editor in 0.24 ms, found 0 plugins.
Preloading 0 native plugins for Editor in 0.00 ms.
Unloading 1114 Unused Serialized files (Serialized files now loaded: 0)
System memory in use before: 60.8 MB.
System memory in use after: 60.9 MB.

Unloading 5 unused Assets to reduce memory usage. Loaded Objects now: 1590.
Total: 1.563200 ms (FindLiveObjects: 0.176900 ms CreateObjectMapping: 0.029200 ms MarkObjects: 1.293900 ms  DeleteObjects: 0.062000 ms)

========================================================================
Received Import Request.
  Time since last request: 8.595983 seconds.
  path: Assets/Scripts/MoveLeft.cs
  artifactKey: Guid(e98c312d82f7a4a4986076cf98f78e5a) Importer(815301076,1909f56bfc062723c751e8b465ee728b)
Start importing Assets/Scripts/MoveLeft.cs using Guid(e98c312d82f7a4a4986076cf98f78e5a) Importer(815301076,1909f56bfc062723c751e8b465ee728b)  -> (artifact id: 'e0d1be45842ee020d493ecea02ca40cd') in 0.004054 seconds
  Import took 0.005793 seconds .

========================================================================
Received Import Request.
  Time since last request: 1.298299 seconds.
  path: Assets/Scripts/MoveLeft.cs
  artifactKey: Guid(e98c312d82f7a4a4986076cf98f78e5a) Importer(815301076,1909f56bfc062723c751e8b465ee728b)
Start importing Assets/Scripts/MoveLeft.cs using Guid(e98c312d82f7a4a4986076cf98f78e5a) Importer(815301076,1909f56bfc062723c751e8b465ee728b)  -> (artifact id: 'e0d1be45842ee020d493ecea02ca40cd') in 0.002128 seconds
  Import took 0.003872 seconds .

========================================================================
Received Prepare
Registering precompiled user dll's ...
Registered in 0.000707 seconds.
Begin MonoManager ReloadAssembly
Native extension for WindowsStandalone target not found
Native extension for WebGL target not found
Refreshing native plugins compatible for Editor in 0.25 ms, found 0 plugins.
Preloading 0 native plugins for Editor in 0.00 ms.
Mono: successfully reloaded assembly
- Completed reload, in  0.605 seconds
Platform modules already initialized, skipping
Refreshing native plugins compatible for Editor in 0.24 ms, found 0 plugins.
Preloading 0 native plugins for Editor in 0.00 ms.
Unloading 1114 Unused Serialized files (Serialized files now loaded: 0)
System memory in use before: 60.8 MB.
System memory in use after: 60.9 MB.

Unloading 5 unused Assets to reduce memory usage. Loaded Objects now: 1593.
Total: 1.791800 ms (FindLiveObjects: 0.158900 ms CreateObjectMapping: 0.026300 ms MarkObjects: 1.540400 ms  DeleteObjects: 0.064800 ms)

========================================================================
Received Prepare
Registering precompiled user dll's ...
Registered in 0.000751 seconds.
Begin MonoManager ReloadAssembly
Native extension for WindowsStandalone target not found
Native extension for WebGL target not found
Refreshing native plugins compatible for Editor in 0.26 ms, found 0 plugins.
Preloading 0 native plugins for Editor in 0.00 ms.
Mono: successfully reloaded assembly
- Completed reload, in  0.611 seconds
Platform modules already initialized, skipping
Refreshing native plugins compatible for Editor in 0.24 ms, found 0 plugins.
Preloading 0 native plugins for Editor in 0.00 ms.
Unloading 1114 Unused Serialized files (Serialized files now loaded: 0)
System memory in use before: 60.8 MB.
System memory in use after: 60.9 MB.

Unloading 5 unused Assets to reduce memory usage. Loaded Objects now: 1596.
Total: 1.476300 ms (FindLiveObjects: 0.169200 ms CreateObjectMapping: 0.024000 ms MarkObjects: 1.223700 ms  DeleteObjects: 0.058600 ms)

========================================================================
Received Prepare
Registering precompiled user dll's ...
Registered in 0.000760 seconds.
Begin MonoManager ReloadAssembly
Native extension for WindowsStandalone target not found
Native extension for WebGL target not found
Refreshing native plugins compatible for Editor in 0.24 ms, found 0 plugins.
Preloading 0 native plugins for Editor in 0.00 ms.
Mono: successfully reloaded assembly
- Completed reload, in  0.613 seconds
Platform modules already initialized, skipping
Refreshing native plugins compatible for Editor in 0.24 ms, found 0 plugins.
Preloading 0 native plugins for Editor in 0.00 ms.
Unloading 1114 Unused Serialized files (Serialized files now loaded: 0)
System memory in use before: 60.8 MB.
System memory in use after: 60.9 MB.

Unloading 5 unused Assets to reduce memory usage. Loaded Objects now: 1599.
Total: 1.424300 ms (FindLiveObjects: 0.158000 ms CreateObjectMapping: 0.023400 ms MarkObjects: 1.185200 ms  DeleteObjects: 0.056700 ms)

========================================================================
Received Prepare
Registering precompiled user dll's ...
Registered in 0.050456 seconds.
Begin MonoManager ReloadAssembly
Native extension for WindowsStandalone target not found
Native extension for WebGL target not found
Refreshing native plugins compatible for Editor in 0.26 ms, found 0 plugins.
Preloading 0 native plugins for Editor in 0.00 ms.
Mono: successfully reloaded assembly
- Completed reload, in  1.494 seconds
Platform modules already initialized, skipping
Refreshing native plugins compatible for Editor in 0.24 ms, found 0 plugins.
Preloading 0 native plugins for Editor in 0.00 ms.
Unloading 1114 Unused Serialized files (Serialized files now loaded: 0)
System memory in use before: 60.8 MB.
System memory in use after: 60.9 MB.

Unloading 5 unused Assets to reduce memory usage. Loaded Objects now: 1602.
Total: 1.799700 ms (FindLiveObjects: 0.174600 ms CreateObjectMapping: 0.025100 ms MarkObjects: 1.537300 ms  DeleteObjects: 0.061600 ms)

========================================================================
Received Prepare
Registering precompiled user dll's ...
Registered in 0.000697 seconds.
Begin MonoManager ReloadAssembly
Native extension for WindowsStandalone target not found
Native extension for WebGL target not found
Refreshing native plugins compatible for Editor in 0.24 ms, found 0 plugins.
Preloading 0 native plugins for Editor in 0.00 ms.
Mono: successfully reloaded assembly
- Completed reload, in  0.600 seconds
Platform modules already initialized, skipping
Refreshing native plugins compatible for Editor in 0.25 ms, found 0 plugins.
Preloading 0 native plugins for Editor in 0.00 ms.
Unloading 1114 Unused Serialized files (Serialized files now loaded: 0)
System memory in use before: 60.8 MB.
System memory in use after: 60.9 MB.

Unloading 5 unused Assets to reduce memory usage. Loaded Objects now: 1605.
Total: 1.429400 ms (FindLiveObjects: 0.154700 ms CreateObjectMapping: 0.024000 ms MarkObjects: 1.194800 ms  DeleteObjects: 0.055100 ms)

AssetImportWorkerClient::OnTransportError - code=2 error=End of file
